


ARM Macro Assembler    Page 1 


    1 00000000 00000400 
                       Stack_Size
                               EQU              0x400
    2 00000000         
    3 00000000                 AREA             STACK, NOINIT, READWRITE, ALIGN
=3
    4 00000000         Stack_Mem
                               SPACE            Stack_Size
    5 00000400         __initial_sp
    6 00000400         
    7 00000400         
    8 00000400         ; <h> Heap Configuration
    9 00000400         ;   <o>  Heap Size (in Bytes) <0x0-0xFFFFFFFF:8>
   10 00000400         ; </h>
   11 00000400         
   12 00000400 00000200 
                       Heap_Size
                               EQU              0x200
   13 00000400         
   14 00000400                 AREA             HEAP, NOINIT, READWRITE, ALIGN=
3
   15 00000000         __heap_base
   16 00000000         Heap_Mem
                               SPACE            Heap_Size
   17 00000200         __heap_limit
   18 00000200         
   19 00000200                 PRESERVE8
   20 00000200                 THUMB
   21 00000200         
   22 00000200         
   23 00000200         ; Vector Table Mapped to Address 0 at Reset
   24 00000200                 AREA             RESET, DATA, READONLY
   25 00000000                 EXPORT           __Vectors
   26 00000000                 EXPORT           __Vectors_End
   27 00000000                 EXPORT           __Vectors_Size
   28 00000000         
   29 00000000 00000000 
                       __Vectors
                               DCD              __initial_sp ; Top of Stack
   30 00000004 00000000        DCD              Reset_Handler ; Reset Handler
   31 00000008 00000000        DCD              NMI_Handler ; NMI Handler
   32 0000000C 00000000        DCD              HardFault_Handler ; Hard Fault 
                                                            Handler
   33 00000010 00000000        DCD              0           ; Reserved
   34 00000014 00000000        DCD              0           ; Reserved
   35 00000018 00000000        DCD              0           ; Reserved
   36 0000001C 00000000        DCD              0           ; Reserved
   37 00000020 00000000        DCD              0           ; Reserved
   38 00000024 00000000        DCD              0           ; Reserved
   39 00000028 00000000        DCD              0           ; Reserved
   40 0000002C 00000000        DCD              SVC_Handler ; SVCall Handler
   41 00000030 00000000        DCD              0           ; Reserved
   42 00000034 00000000        DCD              0           ; Reserved
   43 00000038 00000000        DCD              PendSV_Handler ; PendSV Handler
                                                            
   44 0000003C 00000000        DCD              SysTick_Handler 
                                                            ; SysTick Handler
   45 00000040         
   46 00000040         ; External Interrupts



ARM Macro Assembler    Page 2 


   47 00000040 00000000        DCD              WWDG_IRQHandler 
                                                            ; Window Watchdog
   48 00000044 00000000        DCD              PVD_VDDIO2_IRQHandler ; PVD thr
                                                            ough EXTI Line dete
                                                            ct
   49 00000048 00000000        DCD              RTC_IRQHandler ; RTC through EX
                                                            TI Line
   50 0000004C 00000000        DCD              FLASH_IRQHandler ; FLASH
   51 00000050 00000000        DCD              RCC_CRS_IRQHandler 
                                                            ; RCC and CRS
   52 00000054 00000000        DCD              EXTI0_1_IRQHandler 
                                                            ; EXTI Line 0 and 1
                                                            
   53 00000058 00000000        DCD              EXTI2_3_IRQHandler 
                                                            ; EXTI Line 2 and 3
                                                            
   54 0000005C 00000000        DCD              EXTI4_15_IRQHandler 
                                                            ; EXTI Line 4 to 15
                                                            
   55 00000060 00000000        DCD              TSC_IRQHandler ; TS
   56 00000064 00000000        DCD              DMA1_Channel1_IRQHandler 
                                                            ; DMA1 Channel 1
   57 00000068 00000000        DCD              DMA1_Channel2_3_IRQHandler ; DM
                                                            A1 Channel 2 and Ch
                                                            annel 3
   58 0000006C 00000000        DCD              DMA1_Channel4_5_IRQHandler ; DM
                                                            A1 Channel 4 and Ch
                                                            annel 5
   59 00000070 00000000        DCD              ADC1_IRQHandler ; ADC1 
   60 00000074 00000000        DCD              TIM1_BRK_UP_TRG_COM_IRQHandler 
                                                            ; TIM1 Break, Updat
                                                            e, Trigger and Comm
                                                            utation
   61 00000078 00000000        DCD              TIM1_CC_IRQHandler ; TIM1 Captu
                                                            re Compare
   62 0000007C 00000000        DCD              TIM2_IRQHandler ; TIM2
   63 00000080 00000000        DCD              TIM3_IRQHandler ; TIM3
   64 00000084 00000000        DCD              0           ; Reserved
   65 00000088 00000000        DCD              0           ; Reserved
   66 0000008C 00000000        DCD              TIM14_IRQHandler ; TIM14
   67 00000090 00000000        DCD              0           ; Reserved
   68 00000094 00000000        DCD              TIM16_IRQHandler ; TIM16
   69 00000098 00000000        DCD              TIM17_IRQHandler ; TIM17
   70 0000009C 00000000        DCD              I2C1_IRQHandler ; I2C1
   71 000000A0 00000000        DCD              0           ; Reserved
   72 000000A4 00000000        DCD              SPI1_IRQHandler ; SPI1
   73 000000A8 00000000        DCD              SPI2_IRQHandler ; SPI2
   74 000000AC 00000000        DCD              USART1_IRQHandler ; USART1
   75 000000B0 00000000        DCD              USART2_IRQHandler ; USART2
   76 000000B4 00000000        DCD              0           ; Reserved
   77 000000B8 00000000        DCD              CEC_CAN_IRQHandler 
                                                            ; CEC and CAN
   78 000000BC 00000000        DCD              USB_IRQHandler ; USB
   79 000000C0         
   80 000000C0         __Vectors_End
   81 000000C0         
   82 000000C0 000000C0 
                       __Vectors_Size
                               EQU              __Vectors_End - __Vectors



ARM Macro Assembler    Page 3 


   83 000000C0         
   84 000000C0                 AREA             |.text|, CODE, READONLY
   85 00000000         
   86 00000000         ; Reset handler routine
   87 00000000         Reset_Handler
                               PROC
   88 00000000                 EXPORT           Reset_Handler                 [
WEAK]
   89 00000000                 IMPORT           __main
   90 00000000                 IMPORT           SystemInit
   91 00000000         
   92 00000000         
   93 00000000         
   94 00000000 480C            LDR              R0, =__initial_sp ; set stack p
                                                            ointer 
   95 00000002 F380 8808       MSR              MSP, R0
   96 00000006         
   97 00000006         ;;Check if boot space corresponds to test memory 
   98 00000006         
   99 00000006 480C            LDR              R0,=0x00000004
  100 00000008 6801            LDR              R1, [R0]
  101 0000000A 0E09            LSRS             R1, R1, #24
  102 0000000C 4A0B            LDR              R2,=0x1F
  103 0000000E 4291            CMP              R1, R2
  104 00000010         
  105 00000010 D105            BNE              ApplicationStart
  106 00000012         
  107 00000012         ;; SYSCFG clock enable    
  108 00000012         
  109 00000012 480B            LDR              R0,=0x40021018
  110 00000014 490B            LDR              R1,=0x00000001
  111 00000016 6001            STR              R1, [R0]
  112 00000018         
  113 00000018         ;; Set CFGR1 register with flash memory remap at address
                        0
  114 00000018         
  115 00000018 480B            LDR              R0,=0x40010000
  116 0000001A 490C            LDR              R1,=0x00000000
  117 0000001C 6001            STR              R1, [R0]
  118 0000001E         ApplicationStart
  119 0000001E 480C            LDR              R0, =SystemInit
  120 00000020 4780            BLX              R0
  121 00000022 480C            LDR              R0, =__main
  122 00000024 4700            BX               R0
  123 00000026                 ENDP
  124 00000026         
  125 00000026         ; Dummy Exception Handlers (infinite loops which can be 
                       modified)
  126 00000026         
  127 00000026         NMI_Handler
                               PROC
  128 00000026                 EXPORT           NMI_Handler                    
[WEAK]
  129 00000026 E7FE            B                .
  130 00000028                 ENDP
  132 00000028         HardFault_Handler
                               PROC
  133 00000028                 EXPORT           HardFault_Handler              
[WEAK]



ARM Macro Assembler    Page 4 


  134 00000028 E7FE            B                .
  135 0000002A                 ENDP
  136 0000002A         SVC_Handler
                               PROC
  137 0000002A                 EXPORT           SVC_Handler                    
[WEAK]
  138 0000002A E7FE            B                .
  139 0000002C                 ENDP
  140 0000002C         PendSV_Handler
                               PROC
  141 0000002C                 EXPORT           PendSV_Handler                 
[WEAK]
  142 0000002C E7FE            B                .
  143 0000002E                 ENDP
  144 0000002E         SysTick_Handler
                               PROC
  145 0000002E                 EXPORT           SysTick_Handler                
[WEAK]
  146 0000002E E7FE            B                .
  147 00000030                 ENDP
  148 00000030         
  149 00000030         Default_Handler
                               PROC
  150 00000030         
  151 00000030                 EXPORT           WWDG_IRQHandler                
[WEAK]
  152 00000030                 EXPORT           PVD_VDDIO2_IRQHandler          
[WEAK]
  153 00000030                 EXPORT           RTC_IRQHandler                 
[WEAK]
  154 00000030                 EXPORT           FLASH_IRQHandler               
[WEAK]
  155 00000030                 EXPORT           RCC_CRS_IRQHandler             
[WEAK]
  156 00000030                 EXPORT           EXTI0_1_IRQHandler             
[WEAK]
  157 00000030                 EXPORT           EXTI2_3_IRQHandler             
[WEAK]
  158 00000030                 EXPORT           EXTI4_15_IRQHandler            
[WEAK]
  159 00000030                 EXPORT           TSC_IRQHandler                 
[WEAK]
  160 00000030                 EXPORT           DMA1_Channel1_IRQHandler       
[WEAK]
  161 00000030                 EXPORT           DMA1_Channel2_3_IRQHandler     
[WEAK]
  162 00000030                 EXPORT           DMA1_Channel4_5_IRQHandler [WEA
K]
  163 00000030                 EXPORT           ADC1_IRQHandler           [WEAK
]
  164 00000030                 EXPORT           TIM1_BRK_UP_TRG_COM_IRQHandler 
[WEAK]
  165 00000030                 EXPORT           TIM1_CC_IRQHandler             
[WEAK]
  166 00000030                 EXPORT           TIM2_IRQHandler                
[WEAK]
  167 00000030                 EXPORT           TIM3_IRQHandler                
[WEAK]
  168 00000030                 EXPORT           TIM14_IRQHandler               



ARM Macro Assembler    Page 5 


[WEAK]
  169 00000030                 EXPORT           TIM16_IRQHandler               
[WEAK]
  170 00000030                 EXPORT           TIM17_IRQHandler               
[WEAK]
  171 00000030                 EXPORT           I2C1_IRQHandler                
[WEAK]
  172 00000030                 EXPORT           SPI1_IRQHandler                
[WEAK]
  173 00000030                 EXPORT           SPI2_IRQHandler                
[WEAK]
  174 00000030                 EXPORT           USART1_IRQHandler              
[WEAK]
  175 00000030                 EXPORT           USART2_IRQHandler              
[WEAK]
  176 00000030                 EXPORT           CEC_CAN_IRQHandler             
[WEAK]
  177 00000030                 EXPORT           USB_IRQHandler                 
[WEAK]
  178 00000030         
  179 00000030         
  180 00000030         WWDG_IRQHandler
  181 00000030         PVD_VDDIO2_IRQHandler
  182 00000030         RTC_IRQHandler
  183 00000030         FLASH_IRQHandler
  184 00000030         RCC_CRS_IRQHandler
  185 00000030         EXTI0_1_IRQHandler
  186 00000030         EXTI2_3_IRQHandler
  187 00000030         EXTI4_15_IRQHandler
  188 00000030         TSC_IRQHandler
  189 00000030         DMA1_Channel1_IRQHandler
  190 00000030         DMA1_Channel2_3_IRQHandler
  191 00000030         DMA1_Channel4_5_IRQHandler
  192 00000030         ADC1_IRQHandler
  193 00000030         TIM1_BRK_UP_TRG_COM_IRQHandler
  194 00000030         TIM1_CC_IRQHandler
  195 00000030         TIM2_IRQHandler
  196 00000030         TIM3_IRQHandler
  197 00000030         TIM14_IRQHandler
  198 00000030         TIM16_IRQHandler
  199 00000030         TIM17_IRQHandler
  200 00000030         I2C1_IRQHandler
  201 00000030         SPI1_IRQHandler
  202 00000030         SPI2_IRQHandler
  203 00000030         USART1_IRQHandler
  204 00000030         USART2_IRQHandler
  205 00000030         CEC_CAN_IRQHandler
  206 00000030         USB_IRQHandler
  207 00000030         
  208 00000030 E7FE            B                .
  209 00000032         
  210 00000032                 ENDP
  211 00000032         
  212 00000032 00 00           ALIGN
  213 00000034         
  214 00000034         ;*******************************************************
                       ************************
  215 00000034         ; User Stack and Heap initialization
  216 00000034         ;*******************************************************



ARM Macro Assembler    Page 6 


                       ************************
  217 00000034                 IF               :DEF:__MICROLIB
  218 00000034         
  219 00000034                 EXPORT           __initial_sp
  220 00000034                 EXPORT           __heap_base
  221 00000034                 EXPORT           __heap_limit
  222 00000034         
  223 00000034                 ELSE
  238                          ENDIF
  239 00000034         
  240 00000034                 END
              00000000 
              00000004 
              0000001F 
              40021018 
              00000001 
              40010000 
              00000000 
              00000000 
              00000000 
Command Line: --debug --xref --diag_suppress=9931 --cpu=Cortex-M0 --apcs=interw
ork --depend=trafficmonitor.accesspoint.bootloader\startup_stm32f042x6.d -otraf
ficmonitor.accesspoint.bootloader\startup_stm32f042x6.o -ID:\work\Other\Traffic
Monitor\TrafficMonitor.AccessPoint.Bootloader\MDK-ARM\RTE -IC:\Keil_v5\ARM\PACK
\ARM\CMSIS\4.5.0\CMSIS\Include -IC:\Keil_v5\ARM\PACK\Keil\STM32F0xx_DFP\1.5.0\D
evice\Include --predefine="__MICROLIB SETA 1" --predefine="__UVISION_VERSION SE
TA 520" --predefine="_RTE_ SETA 1" --predefine="STM32F042x6 SETA 1" --list=star
tup_stm32f042x6.lst startup_stm32f042x6.s



ARM Macro Assembler    Page 1 Alphabetic symbol ordering
Relocatable symbols

STACK 00000000

Symbol: STACK
   Definitions
      At line 3 in file startup_stm32f042x6.s
   Uses
      None
Comment: STACK unused
Stack_Mem 00000000

Symbol: Stack_Mem
   Definitions
      At line 4 in file startup_stm32f042x6.s
   Uses
      None
Comment: Stack_Mem unused
__initial_sp 00000400

Symbol: __initial_sp
   Definitions
      At line 5 in file startup_stm32f042x6.s
   Uses
      At line 29 in file startup_stm32f042x6.s
      At line 94 in file startup_stm32f042x6.s
      At line 219 in file startup_stm32f042x6.s

3 symbols



ARM Macro Assembler    Page 1 Alphabetic symbol ordering
Relocatable symbols

HEAP 00000000

Symbol: HEAP
   Definitions
      At line 14 in file startup_stm32f042x6.s
   Uses
      None
Comment: HEAP unused
Heap_Mem 00000000

Symbol: Heap_Mem
   Definitions
      At line 16 in file startup_stm32f042x6.s
   Uses
      None
Comment: Heap_Mem unused
__heap_base 00000000

Symbol: __heap_base
   Definitions
      At line 15 in file startup_stm32f042x6.s
   Uses
      At line 220 in file startup_stm32f042x6.s
Comment: __heap_base used once
__heap_limit 00000200

Symbol: __heap_limit
   Definitions
      At line 17 in file startup_stm32f042x6.s
   Uses
      At line 221 in file startup_stm32f042x6.s
Comment: __heap_limit used once
4 symbols



ARM Macro Assembler    Page 1 Alphabetic symbol ordering
Relocatable symbols

RESET 00000000

Symbol: RESET
   Definitions
      At line 24 in file startup_stm32f042x6.s
   Uses
      None
Comment: RESET unused
__Vectors 00000000

Symbol: __Vectors
   Definitions
      At line 29 in file startup_stm32f042x6.s
   Uses
      At line 25 in file startup_stm32f042x6.s
      At line 82 in file startup_stm32f042x6.s

__Vectors_End 000000C0

Symbol: __Vectors_End
   Definitions
      At line 80 in file startup_stm32f042x6.s
   Uses
      At line 26 in file startup_stm32f042x6.s
      At line 82 in file startup_stm32f042x6.s

3 symbols



ARM Macro Assembler    Page 1 Alphabetic symbol ordering
Relocatable symbols

.text 00000000

Symbol: .text
   Definitions
      At line 84 in file startup_stm32f042x6.s
   Uses
      None
Comment: .text unused
ADC1_IRQHandler 00000030

Symbol: ADC1_IRQHandler
   Definitions
      At line 192 in file startup_stm32f042x6.s
   Uses
      At line 59 in file startup_stm32f042x6.s
      At line 163 in file startup_stm32f042x6.s

ApplicationStart 0000001E

Symbol: ApplicationStart
   Definitions
      At line 118 in file startup_stm32f042x6.s
   Uses
      At line 105 in file startup_stm32f042x6.s
Comment: ApplicationStart used once
CEC_CAN_IRQHandler 00000030

Symbol: CEC_CAN_IRQHandler
   Definitions
      At line 205 in file startup_stm32f042x6.s
   Uses
      At line 77 in file startup_stm32f042x6.s
      At line 176 in file startup_stm32f042x6.s

DMA1_Channel1_IRQHandler 00000030

Symbol: DMA1_Channel1_IRQHandler
   Definitions
      At line 189 in file startup_stm32f042x6.s
   Uses
      At line 56 in file startup_stm32f042x6.s
      At line 160 in file startup_stm32f042x6.s

DMA1_Channel2_3_IRQHandler 00000030

Symbol: DMA1_Channel2_3_IRQHandler
   Definitions
      At line 190 in file startup_stm32f042x6.s
   Uses
      At line 57 in file startup_stm32f042x6.s
      At line 161 in file startup_stm32f042x6.s

DMA1_Channel4_5_IRQHandler 00000030

Symbol: DMA1_Channel4_5_IRQHandler
   Definitions
      At line 191 in file startup_stm32f042x6.s
   Uses
      At line 58 in file startup_stm32f042x6.s



ARM Macro Assembler    Page 2 Alphabetic symbol ordering
Relocatable symbols

      At line 162 in file startup_stm32f042x6.s

Default_Handler 00000030

Symbol: Default_Handler
   Definitions
      At line 149 in file startup_stm32f042x6.s
   Uses
      None
Comment: Default_Handler unused
EXTI0_1_IRQHandler 00000030

Symbol: EXTI0_1_IRQHandler
   Definitions
      At line 185 in file startup_stm32f042x6.s
   Uses
      At line 52 in file startup_stm32f042x6.s
      At line 156 in file startup_stm32f042x6.s

EXTI2_3_IRQHandler 00000030

Symbol: EXTI2_3_IRQHandler
   Definitions
      At line 186 in file startup_stm32f042x6.s
   Uses
      At line 53 in file startup_stm32f042x6.s
      At line 157 in file startup_stm32f042x6.s

EXTI4_15_IRQHandler 00000030

Symbol: EXTI4_15_IRQHandler
   Definitions
      At line 187 in file startup_stm32f042x6.s
   Uses
      At line 54 in file startup_stm32f042x6.s
      At line 158 in file startup_stm32f042x6.s

FLASH_IRQHandler 00000030

Symbol: FLASH_IRQHandler
   Definitions
      At line 183 in file startup_stm32f042x6.s
   Uses
      At line 50 in file startup_stm32f042x6.s
      At line 154 in file startup_stm32f042x6.s

HardFault_Handler 00000028

Symbol: HardFault_Handler
   Definitions
      At line 132 in file startup_stm32f042x6.s
   Uses
      At line 32 in file startup_stm32f042x6.s
      At line 133 in file startup_stm32f042x6.s

I2C1_IRQHandler 00000030

Symbol: I2C1_IRQHandler
   Definitions



ARM Macro Assembler    Page 3 Alphabetic symbol ordering
Relocatable symbols

      At line 200 in file startup_stm32f042x6.s
   Uses
      At line 70 in file startup_stm32f042x6.s
      At line 171 in file startup_stm32f042x6.s

NMI_Handler 00000026

Symbol: NMI_Handler
   Definitions
      At line 127 in file startup_stm32f042x6.s
   Uses
      At line 31 in file startup_stm32f042x6.s
      At line 128 in file startup_stm32f042x6.s

PVD_VDDIO2_IRQHandler 00000030

Symbol: PVD_VDDIO2_IRQHandler
   Definitions
      At line 181 in file startup_stm32f042x6.s
   Uses
      At line 48 in file startup_stm32f042x6.s
      At line 152 in file startup_stm32f042x6.s

PendSV_Handler 0000002C

Symbol: PendSV_Handler
   Definitions
      At line 140 in file startup_stm32f042x6.s
   Uses
      At line 43 in file startup_stm32f042x6.s
      At line 141 in file startup_stm32f042x6.s

RCC_CRS_IRQHandler 00000030

Symbol: RCC_CRS_IRQHandler
   Definitions
      At line 184 in file startup_stm32f042x6.s
   Uses
      At line 51 in file startup_stm32f042x6.s
      At line 155 in file startup_stm32f042x6.s

RTC_IRQHandler 00000030

Symbol: RTC_IRQHandler
   Definitions
      At line 182 in file startup_stm32f042x6.s
   Uses
      At line 49 in file startup_stm32f042x6.s
      At line 153 in file startup_stm32f042x6.s

Reset_Handler 00000000

Symbol: Reset_Handler
   Definitions
      At line 87 in file startup_stm32f042x6.s
   Uses
      At line 30 in file startup_stm32f042x6.s
      At line 88 in file startup_stm32f042x6.s




ARM Macro Assembler    Page 4 Alphabetic symbol ordering
Relocatable symbols

SPI1_IRQHandler 00000030

Symbol: SPI1_IRQHandler
   Definitions
      At line 201 in file startup_stm32f042x6.s
   Uses
      At line 72 in file startup_stm32f042x6.s
      At line 172 in file startup_stm32f042x6.s

SPI2_IRQHandler 00000030

Symbol: SPI2_IRQHandler
   Definitions
      At line 202 in file startup_stm32f042x6.s
   Uses
      At line 73 in file startup_stm32f042x6.s
      At line 173 in file startup_stm32f042x6.s

SVC_Handler 0000002A

Symbol: SVC_Handler
   Definitions
      At line 136 in file startup_stm32f042x6.s
   Uses
      At line 40 in file startup_stm32f042x6.s
      At line 137 in file startup_stm32f042x6.s

SysTick_Handler 0000002E

Symbol: SysTick_Handler
   Definitions
      At line 144 in file startup_stm32f042x6.s
   Uses
      At line 44 in file startup_stm32f042x6.s
      At line 145 in file startup_stm32f042x6.s

TIM14_IRQHandler 00000030

Symbol: TIM14_IRQHandler
   Definitions
      At line 197 in file startup_stm32f042x6.s
   Uses
      At line 66 in file startup_stm32f042x6.s
      At line 168 in file startup_stm32f042x6.s

TIM16_IRQHandler 00000030

Symbol: TIM16_IRQHandler
   Definitions
      At line 198 in file startup_stm32f042x6.s
   Uses
      At line 68 in file startup_stm32f042x6.s
      At line 169 in file startup_stm32f042x6.s

TIM17_IRQHandler 00000030

Symbol: TIM17_IRQHandler
   Definitions
      At line 199 in file startup_stm32f042x6.s



ARM Macro Assembler    Page 5 Alphabetic symbol ordering
Relocatable symbols

   Uses
      At line 69 in file startup_stm32f042x6.s
      At line 170 in file startup_stm32f042x6.s

TIM1_BRK_UP_TRG_COM_IRQHandler 00000030

Symbol: TIM1_BRK_UP_TRG_COM_IRQHandler
   Definitions
      At line 193 in file startup_stm32f042x6.s
   Uses
      At line 60 in file startup_stm32f042x6.s
      At line 164 in file startup_stm32f042x6.s

TIM1_CC_IRQHandler 00000030

Symbol: TIM1_CC_IRQHandler
   Definitions
      At line 194 in file startup_stm32f042x6.s
   Uses
      At line 61 in file startup_stm32f042x6.s
      At line 165 in file startup_stm32f042x6.s

TIM2_IRQHandler 00000030

Symbol: TIM2_IRQHandler
   Definitions
      At line 195 in file startup_stm32f042x6.s
   Uses
      At line 62 in file startup_stm32f042x6.s
      At line 166 in file startup_stm32f042x6.s

TIM3_IRQHandler 00000030

Symbol: TIM3_IRQHandler
   Definitions
      At line 196 in file startup_stm32f042x6.s
   Uses
      At line 63 in file startup_stm32f042x6.s
      At line 167 in file startup_stm32f042x6.s

TSC_IRQHandler 00000030

Symbol: TSC_IRQHandler
   Definitions
      At line 188 in file startup_stm32f042x6.s
   Uses
      At line 55 in file startup_stm32f042x6.s
      At line 159 in file startup_stm32f042x6.s

USART1_IRQHandler 00000030

Symbol: USART1_IRQHandler
   Definitions
      At line 203 in file startup_stm32f042x6.s
   Uses
      At line 74 in file startup_stm32f042x6.s
      At line 174 in file startup_stm32f042x6.s

USART2_IRQHandler 00000030



ARM Macro Assembler    Page 6 Alphabetic symbol ordering
Relocatable symbols


Symbol: USART2_IRQHandler
   Definitions
      At line 204 in file startup_stm32f042x6.s
   Uses
      At line 75 in file startup_stm32f042x6.s
      At line 175 in file startup_stm32f042x6.s

USB_IRQHandler 00000030

Symbol: USB_IRQHandler
   Definitions
      At line 206 in file startup_stm32f042x6.s
   Uses
      At line 78 in file startup_stm32f042x6.s
      At line 177 in file startup_stm32f042x6.s

WWDG_IRQHandler 00000030

Symbol: WWDG_IRQHandler
   Definitions
      At line 180 in file startup_stm32f042x6.s
   Uses
      At line 47 in file startup_stm32f042x6.s
      At line 151 in file startup_stm32f042x6.s

36 symbols



ARM Macro Assembler    Page 1 Alphabetic symbol ordering
Absolute symbols

Heap_Size 00000200

Symbol: Heap_Size
   Definitions
      At line 12 in file startup_stm32f042x6.s
   Uses
      At line 16 in file startup_stm32f042x6.s
Comment: Heap_Size used once
Stack_Size 00000400

Symbol: Stack_Size
   Definitions
      At line 1 in file startup_stm32f042x6.s
   Uses
      At line 4 in file startup_stm32f042x6.s
Comment: Stack_Size used once
__Vectors_Size 000000C0

Symbol: __Vectors_Size
   Definitions
      At line 82 in file startup_stm32f042x6.s
   Uses
      At line 27 in file startup_stm32f042x6.s
Comment: __Vectors_Size used once
3 symbols



ARM Macro Assembler    Page 1 Alphabetic symbol ordering
External symbols

SystemInit 00000000

Symbol: SystemInit
   Definitions
      At line 90 in file startup_stm32f042x6.s
   Uses
      At line 119 in file startup_stm32f042x6.s
Comment: SystemInit used once
__main 00000000

Symbol: __main
   Definitions
      At line 89 in file startup_stm32f042x6.s
   Uses
      At line 121 in file startup_stm32f042x6.s
Comment: __main used once
2 symbols
387 symbols in table
